Build started 9/10/2013 7:59:28 PM.
     1>Project "C:\Users\Colton\Desktop\CS 2420\LinkedList\Linked_List\Linked_List\Linked_List.vcxproj" on node 2 (build target(s)).
     1>InitializeBuildStatus:
         Creating "Debug\Linked_List.unsuccessfulbuild" because "AlwaysCreate" was specified.
       ClCompile:
         c:\Program Files\Microsoft Visual Studio 10.0\VC\bin\CL.exe /c /ZI /nologo /W3 /WX- /Od /Oy- /D _MBCS /Gm /EHsc /RTC1 /MDd /GS /fp:precise /Zc:wchar_t /Zc:forScope /Fo"Debug\\" /Fd"Debug\vc100.pdb" /Gd /TP /analyze- /errorReport:prompt Iterator.cpp
         Iterator.cpp
       Link:
         c:\Program Files\Microsoft Visual Studio 10.0\VC\bin\link.exe /ERRORREPORT:PROMPT /OUT:"C:\Users\Colton\Desktop\CS 2420\LinkedList\Linked_List\Debug\Linked_List.exe" /NOLOGO kernel32.lib user32.lib gdi32.lib winspool.lib comdlg32.lib advapi32.lib shell32.lib ole32.lib oleaut32.lib uuid.lib odbc32.lib odbccp32.lib /MANIFEST /ManifestFile:"Debug\Linked_List.exe.intermediate.manifest" /MANIFESTUAC:"level='asInvoker' uiAccess='false'" /DEBUG /PDB:"C:\Users\Colton\Desktop\CS 2420\LinkedList\Linked_List\Debug\Linked_List.pdb" /TLBID:1 /DYNAMICBASE /NXCOMPAT /IMPLIB:"C:\Users\Colton\Desktop\CS 2420\LinkedList\Linked_List\Debug\Linked_List.lib" /MACHINE:X86 Debug\Iterator.obj
         Debug\list.obj
         Debug\list_test.obj
         Debug\Node.obj
         LINK : C:\Users\Colton\Desktop\CS 2420\LinkedList\Linked_List\Debug\Linked_List.exe not found or not built by the last incremental link; performing full link
         Linked_List.vcxproj -> C:\Users\Colton\Desktop\CS 2420\LinkedList\Linked_List\Debug\Linked_List.exe
       Manifest:
         C:\Program Files\Microsoft SDKs\Windows\v7.0A\bin\mt.exe /nologo /verbose /outputresource:"C:\Users\Colton\Desktop\CS 2420\LinkedList\Linked_List\Debug\Linked_List.exe;#1" /manifest Debug\Linked_List.exe.intermediate.manifest
       FinalizeBuildStatus:
         Deleting file "Debug\Linked_List.unsuccessfulbuild".
         Touching "Debug\Linked_List.lastbuildstate".
     1>Done Building Project "C:\Users\Colton\Desktop\CS 2420\LinkedList\Linked_List\Linked_List\Linked_List.vcxproj" (build target(s)).

Build succeeded.

Time Elapsed 00:00:02.28
