Build started 9/9/2013 5:28:48 PM.
     1>Project "C:\Users\Colton\Desktop\CS 2420\LinkedList\LinkedList\LinkedList\LinkedList.vcxproj" on node 2 (build target(s)).
     1>PrepareForBuild:
         Creating directory "C:\Users\Colton\Desktop\CS 2420\LinkedList\LinkedList\Debug\".
       InitializeBuildStatus:
         Creating "Debug\LinkedList.unsuccessfulbuild" because "AlwaysCreate" was specified.
       ClCompile:
         c:\Program Files\Microsoft Visual Studio 10.0\VC\bin\CL.exe /c /ZI /nologo /W3 /WX- /Od /Oy- /D _MBCS /Gm /EHsc /RTC1 /MDd /GS /fp:precise /Zc:wchar_t /Zc:forScope /Fo"Debug\\" /Fd"Debug\vc100.pdb" /Gd /TP /analyze- /errorReport:prompt Iterator.cpp list.cpp list_test.cpp Node.cpp
         Node.cpp
     1>c:\users\colton\desktop\cs 2420\linkedlist\linkedlist\linkedlist\node.cpp(4): error C2653: 'Node' : is not a class or namespace name
     1>c:\users\colton\desktop\cs 2420\linkedlist\linkedlist\linkedlist\node.cpp(5): error C4430: missing type specifier - int assumed. Note: C++ does not support default-int
     1>c:\users\colton\desktop\cs 2420\linkedlist\linkedlist\linkedlist\node.cpp(7): error C2065: 'data' : undeclared identifier
     1>c:\users\colton\desktop\cs 2420\linkedlist\linkedlist\linkedlist\node.cpp(8): error C2065: 'next' : undeclared identifier
     1>c:\users\colton\desktop\cs 2420\linkedlist\linkedlist\linkedlist\node.cpp(8): error C2065: 'NULL' : undeclared identifier
     1>c:\users\colton\desktop\cs 2420\linkedlist\linkedlist\linkedlist\node.cpp(10): warning C4508: 'Node' : function should return a value; 'void' return type assumed
     1>c:\users\colton\desktop\cs 2420\linkedlist\linkedlist\linkedlist\node.cpp(13): error C2653: 'Node' : is not a class or namespace name
     1>c:\users\colton\desktop\cs 2420\linkedlist\linkedlist\linkedlist\node.cpp(13): fatal error C1903: unable to recover from previous error(s); stopping compilation
         list_test.cpp
     1>c:\users\colton\desktop\cs 2420\linkedlist\linkedlist\linkedlist\list_test.cpp(44): error C2039: 'is_item' : is not a member of 'Iterator'
                 c:\users\colton\desktop\cs 2420\linkedlist\linkedlist\linkedlist\iterator.h(3) : see declaration of 'Iterator'
     1>c:\users\colton\desktop\cs 2420\linkedlist\linkedlist\linkedlist\list_test.cpp(45): error C2100: illegal indirection
     1>c:\users\colton\desktop\cs 2420\linkedlist\linkedlist\linkedlist\list_test.cpp(45): error C2679: binary '<<' : no operator found which takes a right-hand operand of type 'Iterator' (or there is no acceptable conversion)
                 c:\program files\microsoft visual studio 10.0\vc\include\ostream(679): could be 'std::basic_ostream<_Elem,_Traits> &std::operator <<<char,std::char_traits<char>>(std::basic_ostream<_Elem,_Traits> &,const char *)'
                 with
                 [
                     _Elem=char,
                     _Traits=std::char_traits<char>
                 ]
                 c:\program files\microsoft visual studio 10.0\vc\include\ostream(726): or       'std::basic_ostream<_Elem,_Traits> &std::operator <<<char,std::char_traits<char>>(std::basic_ostream<_Elem,_Traits> &,char)'
                 with
                 [
                     _Elem=char,
                     _Traits=std::char_traits<char>
                 ]
                 c:\program files\microsoft visual studio 10.0\vc\include\ostream(764): or       'std::basic_ostream<_Elem,_Traits> &std::operator <<<std::char_traits<char>>(std::basic_ostream<_Elem,_Traits> &,const char *)'
                 with
                 [
                     _Elem=char,
                     _Traits=std::char_traits<char>
                 ]
                 c:\program files\microsoft visual studio 10.0\vc\include\ostream(811): or       'std::basic_ostream<_Elem,_Traits> &std::operator <<<std::char_traits<char>>(std::basic_ostream<_Elem,_Traits> &,char)'
                 with
                 [
                     _Elem=char,
                     _Traits=std::char_traits<char>
                 ]
                 c:\program files\microsoft visual studio 10.0\vc\include\ostream(937): or       'std::basic_ostream<_Elem,_Traits> &std::operator <<<std::char_traits<char>>(std::basic_ostream<_Elem,_Traits> &,const signed char *)'
                 with
                 [
                     _Elem=char,
                     _Traits=std::char_traits<char>
                 ]
                 c:\program files\microsoft visual studio 10.0\vc\include\ostream(944): or       'std::basic_ostream<_Elem,_Traits> &std::operator <<<std::char_traits<char>>(std::basic_ostream<_Elem,_Traits> &,signed char)'
                 with
                 [
                     _Elem=char,
                     _Traits=std::char_traits<char>
                 ]
                 c:\program files\microsoft visual studio 10.0\vc\include\ostream(951): or       'std::basic_ostream<_Elem,_Traits> &std::operator <<<std::char_traits<char>>(std::basic_ostream<_Elem,_Traits> &,const unsigned char *)'
                 with
                 [
                     _Elem=char,
                     _Traits=std::char_traits<char>
                 ]
                 c:\program files\microsoft visual studio 10.0\vc\include\ostream(958): or       'std::basic_ostream<_Elem,_Traits> &std::operator <<<std::char_traits<char>>(std::basic_ostream<_Elem,_Traits> &,unsigned char)'
                 with
                 [
                     _Elem=char,
                     _Traits=std::char_traits<char>
                 ]
                 c:\program files\microsoft visual studio 10.0\vc\include\ostream(968): or       'std::basic_ostream<_Elem,_Traits> &std::operator <<<char,std::char_traits<char>,Iterator>(std::basic_ostream<_Elem,_Traits> &&,_Ty)'
                 with
                 [
                     _Elem=char,
                     _Traits=std::char_traits<char>,
                     _Ty=Iterator
                 ]
                 c:\program files\microsoft visual studio 10.0\vc\include\ostream(1085): or       'std::basic_ostream<_Elem,_Traits> &std::operator <<<char,std::char_traits<char>>(std::basic_ostream<_Elem,_Traits> &,const std::error_code &)'
                 with
                 [
                     _Elem=char,
                     _Traits=std::char_traits<char>
                 ]
                 c:\program files\microsoft visual studio 10.0\vc\include\ostream(186): or       'std::basic_ostream<_Elem,_Traits> &std::basic_ostream<_Elem,_Traits>::operator <<(std::basic_ostream<_Elem,_Traits> &(__cdecl *)(std::basic_ostream<_Elem,_Traits> &))'
                 with
                 [
                     _Elem=char,
                     _Traits=std::char_traits<char>
                 ]
                 c:\program files\microsoft visual studio 10.0\vc\include\ostream(192): or       'std::basic_ostream<_Elem,_Traits> &std::basic_ostream<_Elem,_Traits>::operator <<(std::basic_ios<_Elem,_Traits> &(__cdecl *)(std::basic_ios<_Elem,_Traits> &))'
                 with
                 [
                     _Elem=char,
                     _Traits=std::char_traits<char>
                 ]
                 c:\program files\microsoft visual studio 10.0\vc\include\ostream(199): or       'std::basic_ostream<_Elem,_Traits> &std::basic_ostream<_Elem,_Traits>::operator <<(std::ios_base &(__cdecl *)(std::ios_base &))'
                 with
                 [
                     _Elem=char,
                     _Traits=std::char_traits<char>
                 ]
                 c:\program files\microsoft visual studio 10.0\vc\include\ostream(206): or       'std::basic_ostream<_Elem,_Traits> &std::basic_ostream<_Elem,_Traits>::operator <<(std::_Bool)'
                 with
                 [
                     _Elem=char,
                     _Traits=std::char_traits<char>
                 ]
                 c:\program files\microsoft visual studio 10.0\vc\include\ostream(226): or       'std::basic_ostream<_Elem,_Traits> &std::basic_ostream<_Elem,_Traits>::operator <<(short)'
                 with
                 [
                     _Elem=char,
                     _Traits=std::char_traits<char>
                 ]
                 c:\program files\microsoft visual studio 10.0\vc\include\ostream(260): or       'std::basic_ostream<_Elem,_Traits> &std::basic_ostream<_Elem,_Traits>::operator <<(unsigned short)'
                 with
                 [
                     _Elem=char,
                     _Traits=std::char_traits<char>
                 ]
                 c:\program files\microsoft visual studio 10.0\vc\include\ostream(280): or       'std::basic_ostream<_Elem,_Traits> &std::basic_ostream<_Elem,_Traits>::operator <<(int)'
                 with
                 [
                     _Elem=char,
                     _Traits=std::char_traits<char>
                 ]
                 c:\program files\microsoft visual studio 10.0\vc\include\ostream(305): or       'std::basic_ostream<_Elem,_Traits> &std::basic_ostream<_Elem,_Traits>::operator <<(unsigned int)'
                 with
                 [
                     _Elem=char,
                     _Traits=std::char_traits<char>
                 ]
                 c:\program files\microsoft visual studio 10.0\vc\include\ostream(325): or       'std::basic_ostream<_Elem,_Traits> &std::basic_ostream<_Elem,_Traits>::operator <<(long)'
                 with
                 [
                     _Elem=char,
                     _Traits=std::char_traits<char>
                 ]
                 c:\program files\microsoft visual studio 10.0\vc\include\ostream(345): or       'std::basic_ostream<_Elem,_Traits> &std::basic_ostream<_Elem,_Traits>::operator <<(unsigned long)'
                 with
                 [
                     _Elem=char,
                     _Traits=std::char_traits<char>
                 ]
                 c:\program files\microsoft visual studio 10.0\vc\include\ostream(366): or       'std::basic_ostream<_Elem,_Traits> &std::basic_ostream<_Elem,_Traits>::operator <<(__int64)'
                 with
                 [
                     _Elem=char,
                     _Traits=std::char_traits<char>
                 ]
                 c:\program files\microsoft visual studio 10.0\vc\include\ostream(386): or       'std::basic_ostream<_Elem,_Traits> &std::basic_ostream<_Elem,_Traits>::operator <<(unsigned __int64)'
                 with
                 [
                     _Elem=char,
                     _Traits=std::char_traits<char>
                 ]
                 c:\program files\microsoft visual studio 10.0\vc\include\ostream(407): or       'std::basic_ostream<_Elem,_Traits> &std::basic_ostream<_Elem,_Traits>::operator <<(float)'
                 with
                 [
                     _Elem=char,
                     _Traits=std::char_traits<char>
                 ]
                 c:\program files\microsoft visual studio 10.0\vc\include\ostream(427): or       'std::basic_ostream<_Elem,_Traits> &std::basic_ostream<_Elem,_Traits>::operator <<(double)'
                 with
                 [
                     _Elem=char,
                     _Traits=std::char_traits<char>
                 ]
                 c:\program files\microsoft visual studio 10.0\vc\include\ostream(447): or       'std::basic_ostream<_Elem,_Traits> &std::basic_ostream<_Elem,_Traits>::operator <<(long double)'
                 with
                 [
                     _Elem=char,
                     _Traits=std::char_traits<char>
                 ]
                 c:\program files\microsoft visual studio 10.0\vc\include\ostream(467): or       'std::basic_ostream<_Elem,_Traits> &std::basic_ostream<_Elem,_Traits>::operator <<(const void *)'
                 with
                 [
                     _Elem=char,
                     _Traits=std::char_traits<char>
                 ]
                 c:\program files\microsoft visual studio 10.0\vc\include\ostream(487): or       'std::basic_ostream<_Elem,_Traits> &std::basic_ostream<_Elem,_Traits>::operator <<(std::basic_streambuf<_Elem,_Traits> *)'
                 with
                 [
                     _Elem=char,
                     _Traits=std::char_traits<char>
                 ]
                 while trying to match the argument list '(std::basic_ostream<_Elem,_Traits>, Iterator)'
                 with
                 [
                     _Elem=char,
                     _Traits=std::char_traits<char>
                 ]
     1>c:\users\colton\desktop\cs 2420\linkedlist\linkedlist\linkedlist\list_test.cpp(49): error C2675: unary '++' : 'Iterator' does not define this operator or a conversion to a type acceptable to the predefined operator
     1>c:\users\colton\desktop\cs 2420\linkedlist\linkedlist\linkedlist\list_test.cpp(51): error C2039: 'is_item' : is not a member of 'Iterator'
                 c:\users\colton\desktop\cs 2420\linkedlist\linkedlist\linkedlist\iterator.h(3) : see declaration of 'Iterator'
     1>c:\users\colton\desktop\cs 2420\linkedlist\linkedlist\linkedlist\list_test.cpp(146): error C2039: 'is_item' : is not a member of 'Iterator'
                 c:\users\colton\desktop\cs 2420\linkedlist\linkedlist\linkedlist\iterator.h(3) : see declaration of 'Iterator'
     1>c:\users\colton\desktop\cs 2420\linkedlist\linkedlist\linkedlist\list_test.cpp(146): error C2675: unary '++' : 'Iterator' does not define this operator or a conversion to a type acceptable to the predefined operator
     1>c:\users\colton\desktop\cs 2420\linkedlist\linkedlist\linkedlist\list_test.cpp(147): error C2100: illegal indirection
     1>c:\users\colton\desktop\cs 2420\linkedlist\linkedlist\linkedlist\list_test.cpp(147): error C2679: binary '<<' : no operator found which takes a right-hand operand of type 'Iterator' (or there is no acceptable conversion)
                 c:\program files\microsoft visual studio 10.0\vc\include\ostream(679): could be 'std::basic_ostream<_Elem,_Traits> &std::operator <<<char,std::char_traits<char>>(std::basic_ostream<_Elem,_Traits> &,const char *)'
                 with
                 [
                     _Elem=char,
                     _Traits=std::char_traits<char>
                 ]
                 c:\program files\microsoft visual studio 10.0\vc\include\ostream(726): or       'std::basic_ostream<_Elem,_Traits> &std::operator <<<char,std::char_traits<char>>(std::basic_ostream<_Elem,_Traits> &,char)'
                 with
                 [
                     _Elem=char,
                     _Traits=std::char_traits<char>
                 ]
                 c:\program files\microsoft visual studio 10.0\vc\include\ostream(764): or       'std::basic_ostream<_Elem,_Traits> &std::operator <<<std::char_traits<char>>(std::basic_ostream<_Elem,_Traits> &,const char *)'
                 with
                 [
                     _Elem=char,
                     _Traits=std::char_traits<char>
                 ]
                 c:\program files\microsoft visual studio 10.0\vc\include\ostream(811): or       'std::basic_ostream<_Elem,_Traits> &std::operator <<<std::char_traits<char>>(std::basic_ostream<_Elem,_Traits> &,char)'
                 with
                 [
                     _Elem=char,
                     _Traits=std::char_traits<char>
                 ]
                 c:\program files\microsoft visual studio 10.0\vc\include\ostream(937): or       'std::basic_ostream<_Elem,_Traits> &std::operator <<<std::char_traits<char>>(std::basic_ostream<_Elem,_Traits> &,const signed char *)'
                 with
                 [
                     _Elem=char,
                     _Traits=std::char_traits<char>
                 ]
                 c:\program files\microsoft visual studio 10.0\vc\include\ostream(944): or       'std::basic_ostream<_Elem,_Traits> &std::operator <<<std::char_traits<char>>(std::basic_ostream<_Elem,_Traits> &,signed char)'
                 with
                 [
                     _Elem=char,
                     _Traits=std::char_traits<char>
                 ]
                 c:\program files\microsoft visual studio 10.0\vc\include\ostream(951): or       'std::basic_ostream<_Elem,_Traits> &std::operator <<<std::char_traits<char>>(std::basic_ostream<_Elem,_Traits> &,const unsigned char *)'
                 with
                 [
                     _Elem=char,
                     _Traits=std::char_traits<char>
                 ]
                 c:\program files\microsoft visual studio 10.0\vc\include\ostream(958): or       'std::basic_ostream<_Elem,_Traits> &std::operator <<<std::char_traits<char>>(std::basic_ostream<_Elem,_Traits> &,unsigned char)'
                 with
                 [
                     _Elem=char,
                     _Traits=std::char_traits<char>
                 ]
                 c:\program files\microsoft visual studio 10.0\vc\include\ostream(968): or       'std::basic_ostream<_Elem,_Traits> &std::operator <<<char,std::char_traits<char>,Iterator>(std::basic_ostream<_Elem,_Traits> &&,_Ty)'
                 with
                 [
                     _Elem=char,
                     _Traits=std::char_traits<char>,
                     _Ty=Iterator
                 ]
                 c:\program files\microsoft visual studio 10.0\vc\include\ostream(1085): or       'std::basic_ostream<_Elem,_Traits> &std::operator <<<char,std::char_traits<char>>(std::basic_ostream<_Elem,_Traits> &,const std::error_code &)'
                 with
                 [
                     _Elem=char,
                     _Traits=std::char_traits<char>
                 ]
                 c:\program files\microsoft visual studio 10.0\vc\include\ostream(186): or       'std::basic_ostream<_Elem,_Traits> &std::basic_ostream<_Elem,_Traits>::operator <<(std::basic_ostream<_Elem,_Traits> &(__cdecl *)(std::basic_ostream<_Elem,_Traits> &))'
                 with
                 [
                     _Elem=char,
                     _Traits=std::char_traits<char>
                 ]
                 c:\program files\microsoft visual studio 10.0\vc\include\ostream(192): or       'std::basic_ostream<_Elem,_Traits> &std::basic_ostream<_Elem,_Traits>::operator <<(std::basic_ios<_Elem,_Traits> &(__cdecl *)(std::basic_ios<_Elem,_Traits> &))'
                 with
                 [
                     _Elem=char,
                     _Traits=std::char_traits<char>
                 ]
                 c:\program files\microsoft visual studio 10.0\vc\include\ostream(199): or       'std::basic_ostream<_Elem,_Traits> &std::basic_ostream<_Elem,_Traits>::operator <<(std::ios_base &(__cdecl *)(std::ios_base &))'
                 with
                 [
                     _Elem=char,
                     _Traits=std::char_traits<char>
                 ]
                 c:\program files\microsoft visual studio 10.0\vc\include\ostream(206): or       'std::basic_ostream<_Elem,_Traits> &std::basic_ostream<_Elem,_Traits>::operator <<(std::_Bool)'
                 with
                 [
                     _Elem=char,
                     _Traits=std::char_traits<char>
                 ]
                 c:\program files\microsoft visual studio 10.0\vc\include\ostream(226): or       'std::basic_ostream<_Elem,_Traits> &std::basic_ostream<_Elem,_Traits>::operator <<(short)'
                 with
                 [
                     _Elem=char,
                     _Traits=std::char_traits<char>
                 ]
                 c:\program files\microsoft visual studio 10.0\vc\include\ostream(260): or       'std::basic_ostream<_Elem,_Traits> &std::basic_ostream<_Elem,_Traits>::operator <<(unsigned short)'
                 with
                 [
                     _Elem=char,
                     _Traits=std::char_traits<char>
                 ]
                 c:\program files\microsoft visual studio 10.0\vc\include\ostream(280): or       'std::basic_ostream<_Elem,_Traits> &std::basic_ostream<_Elem,_Traits>::operator <<(int)'
                 with
                 [
                     _Elem=char,
                     _Traits=std::char_traits<char>
                 ]
                 c:\program files\microsoft visual studio 10.0\vc\include\ostream(305): or       'std::basic_ostream<_Elem,_Traits> &std::basic_ostream<_Elem,_Traits>::operator <<(unsigned int)'
                 with
                 [
                     _Elem=char,
                     _Traits=std::char_traits<char>
                 ]
                 c:\program files\microsoft visual studio 10.0\vc\include\ostream(325): or       'std::basic_ostream<_Elem,_Traits> &std::basic_ostream<_Elem,_Traits>::operator <<(long)'
                 with
                 [
                     _Elem=char,
                     _Traits=std::char_traits<char>
                 ]
                 c:\program files\microsoft visual studio 10.0\vc\include\ostream(345): or       'std::basic_ostream<_Elem,_Traits> &std::basic_ostream<_Elem,_Traits>::operator <<(unsigned long)'
                 with
                 [
                     _Elem=char,
                     _Traits=std::char_traits<char>
                 ]
                 c:\program files\microsoft visual studio 10.0\vc\include\ostream(366): or       'std::basic_ostream<_Elem,_Traits> &std::basic_ostream<_Elem,_Traits>::operator <<(__int64)'
                 with
                 [
                     _Elem=char,
                     _Traits=std::char_traits<char>
                 ]
                 c:\program files\microsoft visual studio 10.0\vc\include\ostream(386): or       'std::basic_ostream<_Elem,_Traits> &std::basic_ostream<_Elem,_Traits>::operator <<(unsigned __int64)'
                 with
                 [
                     _Elem=char,
                     _Traits=std::char_traits<char>
                 ]
                 c:\program files\microsoft visual studio 10.0\vc\include\ostream(407): or       'std::basic_ostream<_Elem,_Traits> &std::basic_ostream<_Elem,_Traits>::operator <<(float)'
                 with
                 [
                     _Elem=char,
                     _Traits=std::char_traits<char>
                 ]
                 c:\program files\microsoft visual studio 10.0\vc\include\ostream(427): or       'std::basic_ostream<_Elem,_Traits> &std::basic_ostream<_Elem,_Traits>::operator <<(double)'
                 with
                 [
                     _Elem=char,
                     _Traits=std::char_traits<char>
                 ]
                 c:\program files\microsoft visual studio 10.0\vc\include\ostream(447): or       'std::basic_ostream<_Elem,_Traits> &std::basic_ostream<_Elem,_Traits>::operator <<(long double)'
                 with
                 [
                     _Elem=char,
                     _Traits=std::char_traits<char>
                 ]
                 c:\program files\microsoft visual studio 10.0\vc\include\ostream(467): or       'std::basic_ostream<_Elem,_Traits> &std::basic_ostream<_Elem,_Traits>::operator <<(const void *)'
                 with
                 [
                     _Elem=char,
                     _Traits=std::char_traits<char>
                 ]
                 c:\program files\microsoft visual studio 10.0\vc\include\ostream(487): or       'std::basic_ostream<_Elem,_Traits> &std::basic_ostream<_Elem,_Traits>::operator <<(std::basic_streambuf<_Elem,_Traits> *)'
                 with
                 [
                     _Elem=char,
                     _Traits=std::char_traits<char>
                 ]
                 while trying to match the argument list '(std::ostream, Iterator)'
         list.cpp
     1>c:\users\colton\desktop\cs 2420\linkedlist\linkedlist\linkedlist\list.cpp(4): error C2653: 'list' : is not a class or namespace name
     1>c:\users\colton\desktop\cs 2420\linkedlist\linkedlist\linkedlist\list.cpp(5): error C4430: missing type specifier - int assumed. Note: C++ does not support default-int
     1>c:\users\colton\desktop\cs 2420\linkedlist\linkedlist\linkedlist\list.cpp(6): warning C4508: 'list' : function should return a value; 'void' return type assumed
     1>c:\users\colton\desktop\cs 2420\linkedlist\linkedlist\linkedlist\list.cpp(9): error C2653: 'list' : is not a class or namespace name
     1>c:\users\colton\desktop\cs 2420\linkedlist\linkedlist\linkedlist\list.cpp(9): fatal error C1903: unable to recover from previous error(s); stopping compilation
         Iterator.cpp
         Generating Code...
     1>Done Building Project "C:\Users\Colton\Desktop\CS 2420\LinkedList\LinkedList\LinkedList\LinkedList.vcxproj" (build target(s)) -- FAILED.

Build FAILED.

Time Elapsed 00:00:03.20
